mode: set
/Users/princewang/Documents/UC Berkeley Fall 2020/CS161/proj2/proj2.go:44.25,74.2 16 0
/Users/princewang/Documents/UC Berkeley Fall 2020/CS161/proj2/proj2.go:78.47,79.21 1 0
/Users/princewang/Documents/UC Berkeley Fall 2020/CS161/proj2/proj2.go:82.2,82.8 1 0
/Users/princewang/Documents/UC Berkeley Fall 2020/CS161/proj2/proj2.go:79.21,81.3 1 0
/Users/princewang/Documents/UC Berkeley Fall 2020/CS161/proj2/proj2.go:123.80,132.16 7 1
/Users/princewang/Documents/UC Berkeley Fall 2020/CS161/proj2/proj2.go:138.2,181.23 26 1
/Users/princewang/Documents/UC Berkeley Fall 2020/CS161/proj2/proj2.go:132.16,135.3 2 1
/Users/princewang/Documents/UC Berkeley Fall 2020/CS161/proj2/proj2.go:187.79,201.17 9 1
/Users/princewang/Documents/UC Berkeley Fall 2020/CS161/proj2/proj2.go:207.2,207.27 1 1
/Users/princewang/Documents/UC Berkeley Fall 2020/CS161/proj2/proj2.go:213.2,227.62 11 1
/Users/princewang/Documents/UC Berkeley Fall 2020/CS161/proj2/proj2.go:233.2,236.16 3 1
/Users/princewang/Documents/UC Berkeley Fall 2020/CS161/proj2/proj2.go:240.2,240.25 1 1
/Users/princewang/Documents/UC Berkeley Fall 2020/CS161/proj2/proj2.go:201.17,205.3 3 1
/Users/princewang/Documents/UC Berkeley Fall 2020/CS161/proj2/proj2.go:207.27,211.3 3 1
/Users/princewang/Documents/UC Berkeley Fall 2020/CS161/proj2/proj2.go:227.62,231.3 3 1
/Users/princewang/Documents/UC Berkeley Fall 2020/CS161/proj2/proj2.go:236.16,238.3 1 0
/Users/princewang/Documents/UC Berkeley Fall 2020/CS161/proj2/proj2.go:247.63,253.9 3 1
/Users/princewang/Documents/UC Berkeley Fall 2020/CS161/proj2/proj2.go:258.2,261.59 3 1
/Users/princewang/Documents/UC Berkeley Fall 2020/CS161/proj2/proj2.go:267.2,270.8 3 1
/Users/princewang/Documents/UC Berkeley Fall 2020/CS161/proj2/proj2.go:253.9,255.3 1 0
/Users/princewang/Documents/UC Berkeley Fall 2020/CS161/proj2/proj2.go:261.59,265.3 2 1
/Users/princewang/Documents/UC Berkeley Fall 2020/CS161/proj2/proj2.go:274.107,277.9 2 1
/Users/princewang/Documents/UC Berkeley Fall 2020/CS161/proj2/proj2.go:281.2,281.42 1 1
/Users/princewang/Documents/UC Berkeley Fall 2020/CS161/proj2/proj2.go:285.2,323.8 25 1
/Users/princewang/Documents/UC Berkeley Fall 2020/CS161/proj2/proj2.go:277.9,279.3 1 1
/Users/princewang/Documents/UC Berkeley Fall 2020/CS161/proj2/proj2.go:281.42,283.3 1 1
/Users/princewang/Documents/UC Berkeley Fall 2020/CS161/proj2/proj2.go:327.118,444.2 79 1
/Users/princewang/Documents/UC Berkeley Fall 2020/CS161/proj2/proj2.go:451.76,459.9 5 1
/Users/princewang/Documents/UC Berkeley Fall 2020/CS161/proj2/proj2.go:465.2,465.60 1 1
/Users/princewang/Documents/UC Berkeley Fall 2020/CS161/proj2/proj2.go:471.2,475.9 4 1
/Users/princewang/Documents/UC Berkeley Fall 2020/CS161/proj2/proj2.go:481.2,513.8 23 1
/Users/princewang/Documents/UC Berkeley Fall 2020/CS161/proj2/proj2.go:459.9,462.3 2 1
/Users/princewang/Documents/UC Berkeley Fall 2020/CS161/proj2/proj2.go:465.60,468.3 2 1
/Users/princewang/Documents/UC Berkeley Fall 2020/CS161/proj2/proj2.go:475.9,478.3 2 1
/Users/princewang/Documents/UC Berkeley Fall 2020/CS161/proj2/proj2.go:519.74,529.9 6 1
/Users/princewang/Documents/UC Berkeley Fall 2020/CS161/proj2/proj2.go:535.2,535.60 1 1
/Users/princewang/Documents/UC Berkeley Fall 2020/CS161/proj2/proj2.go:541.2,545.9 4 1
/Users/princewang/Documents/UC Berkeley Fall 2020/CS161/proj2/proj2.go:550.2,550.49 1 1
/Users/princewang/Documents/UC Berkeley Fall 2020/CS161/proj2/proj2.go:575.2,575.18 1 1
/Users/princewang/Documents/UC Berkeley Fall 2020/CS161/proj2/proj2.go:529.9,532.3 2 0
/Users/princewang/Documents/UC Berkeley Fall 2020/CS161/proj2/proj2.go:535.60,538.3 2 1
/Users/princewang/Documents/UC Berkeley Fall 2020/CS161/proj2/proj2.go:545.9,548.3 2 1
/Users/princewang/Documents/UC Berkeley Fall 2020/CS161/proj2/proj2.go:550.49,557.10 5 1
/Users/princewang/Documents/UC Berkeley Fall 2020/CS161/proj2/proj2.go:562.3,562.28 1 1
/Users/princewang/Documents/UC Berkeley Fall 2020/CS161/proj2/proj2.go:565.3,567.57 3 1
/Users/princewang/Documents/UC Berkeley Fall 2020/CS161/proj2/proj2.go:571.3,572.41 2 1
/Users/princewang/Documents/UC Berkeley Fall 2020/CS161/proj2/proj2.go:557.10,560.4 2 0
/Users/princewang/Documents/UC Berkeley Fall 2020/CS161/proj2/proj2.go:562.28,564.4 1 1
/Users/princewang/Documents/UC Berkeley Fall 2020/CS161/proj2/proj2.go:567.57,570.4 2 0
/Users/princewang/Documents/UC Berkeley Fall 2020/CS161/proj2/proj2.go:589.34,593.9 3 1
/Users/princewang/Documents/UC Berkeley Fall 2020/CS161/proj2/proj2.go:597.2,605.9 5 1
/Users/princewang/Documents/UC Berkeley Fall 2020/CS161/proj2/proj2.go:611.2,611.60 1 1
/Users/princewang/Documents/UC Berkeley Fall 2020/CS161/proj2/proj2.go:617.2,623.9 5 1
/Users/princewang/Documents/UC Berkeley Fall 2020/CS161/proj2/proj2.go:627.2,630.24 4 1
/Users/princewang/Documents/UC Berkeley Fall 2020/CS161/proj2/proj2.go:635.2,640.62 5 1
/Users/princewang/Documents/UC Berkeley Fall 2020/CS161/proj2/proj2.go:645.2,696.57 29 1
/Users/princewang/Documents/UC Berkeley Fall 2020/CS161/proj2/proj2.go:701.2,732.46 20 1
/Users/princewang/Documents/UC Berkeley Fall 2020/CS161/proj2/proj2.go:593.9,596.3 2 1
/Users/princewang/Documents/UC Berkeley Fall 2020/CS161/proj2/proj2.go:605.9,608.3 2 1
/Users/princewang/Documents/UC Berkeley Fall 2020/CS161/proj2/proj2.go:611.60,614.3 2 1
/Users/princewang/Documents/UC Berkeley Fall 2020/CS161/proj2/proj2.go:623.9,626.3 2 0
/Users/princewang/Documents/UC Berkeley Fall 2020/CS161/proj2/proj2.go:630.24,633.3 2 0
/Users/princewang/Documents/UC Berkeley Fall 2020/CS161/proj2/proj2.go:640.62,642.3 1 0
/Users/princewang/Documents/UC Berkeley Fall 2020/CS161/proj2/proj2.go:696.57,699.3 2 0
/Users/princewang/Documents/UC Berkeley Fall 2020/CS161/proj2/proj2.go:742.29,749.9 3 1
/Users/princewang/Documents/UC Berkeley Fall 2020/CS161/proj2/proj2.go:756.2,756.59 1 1
/Users/princewang/Documents/UC Berkeley Fall 2020/CS161/proj2/proj2.go:764.2,767.9 3 1
/Users/princewang/Documents/UC Berkeley Fall 2020/CS161/proj2/proj2.go:772.2,773.16 2 1
/Users/princewang/Documents/UC Berkeley Fall 2020/CS161/proj2/proj2.go:778.2,780.16 3 1
/Users/princewang/Documents/UC Berkeley Fall 2020/CS161/proj2/proj2.go:784.2,784.23 1 1
/Users/princewang/Documents/UC Berkeley Fall 2020/CS161/proj2/proj2.go:787.2,792.16 5 1
/Users/princewang/Documents/UC Berkeley Fall 2020/CS161/proj2/proj2.go:796.2,800.16 4 1
/Users/princewang/Documents/UC Berkeley Fall 2020/CS161/proj2/proj2.go:804.2,804.17 1 1
/Users/princewang/Documents/UC Berkeley Fall 2020/CS161/proj2/proj2.go:807.2,819.12 9 1
/Users/princewang/Documents/UC Berkeley Fall 2020/CS161/proj2/proj2.go:749.9,752.3 2 0
/Users/princewang/Documents/UC Berkeley Fall 2020/CS161/proj2/proj2.go:756.59,759.15 2 1
/Users/princewang/Documents/UC Berkeley Fall 2020/CS161/proj2/proj2.go:759.15,761.4 1 1
/Users/princewang/Documents/UC Berkeley Fall 2020/CS161/proj2/proj2.go:767.9,770.3 2 0
/Users/princewang/Documents/UC Berkeley Fall 2020/CS161/proj2/proj2.go:773.16,775.3 1 1
/Users/princewang/Documents/UC Berkeley Fall 2020/CS161/proj2/proj2.go:780.16,782.3 1 1
/Users/princewang/Documents/UC Berkeley Fall 2020/CS161/proj2/proj2.go:784.23,786.3 1 0
/Users/princewang/Documents/UC Berkeley Fall 2020/CS161/proj2/proj2.go:792.16,794.3 1 0
/Users/princewang/Documents/UC Berkeley Fall 2020/CS161/proj2/proj2.go:800.16,802.3 1 0
/Users/princewang/Documents/UC Berkeley Fall 2020/CS161/proj2/proj2.go:804.17,806.3 1 0
/Users/princewang/Documents/UC Berkeley Fall 2020/CS161/proj2/proj2.go:823.87,830.9 4 1
/Users/princewang/Documents/UC Berkeley Fall 2020/CS161/proj2/proj2.go:835.2,835.60 1 1
/Users/princewang/Documents/UC Berkeley Fall 2020/CS161/proj2/proj2.go:841.2,847.9 5 1
/Users/princewang/Documents/UC Berkeley Fall 2020/CS161/proj2/proj2.go:850.2,853.21 4 1
/Users/princewang/Documents/UC Berkeley Fall 2020/CS161/proj2/proj2.go:857.2,862.62 5 1
/Users/princewang/Documents/UC Berkeley Fall 2020/CS161/proj2/proj2.go:867.2,874.9 6 1
/Users/princewang/Documents/UC Berkeley Fall 2020/CS161/proj2/proj2.go:879.2,881.52 3 1
/Users/princewang/Documents/UC Berkeley Fall 2020/CS161/proj2/proj2.go:890.2,891.9 2 1
/Users/princewang/Documents/UC Berkeley Fall 2020/CS161/proj2/proj2.go:896.2,896.76 1 1
/Users/princewang/Documents/UC Berkeley Fall 2020/CS161/proj2/proj2.go:903.2,927.16 17 1
/Users/princewang/Documents/UC Berkeley Fall 2020/CS161/proj2/proj2.go:932.2,944.12 9 1
/Users/princewang/Documents/UC Berkeley Fall 2020/CS161/proj2/proj2.go:830.9,833.3 2 1
/Users/princewang/Documents/UC Berkeley Fall 2020/CS161/proj2/proj2.go:835.60,838.3 1 0
/Users/princewang/Documents/UC Berkeley Fall 2020/CS161/proj2/proj2.go:847.9,849.3 1 0
/Users/princewang/Documents/UC Berkeley Fall 2020/CS161/proj2/proj2.go:853.21,855.3 1 0
/Users/princewang/Documents/UC Berkeley Fall 2020/CS161/proj2/proj2.go:862.62,864.3 1 0
/Users/princewang/Documents/UC Berkeley Fall 2020/CS161/proj2/proj2.go:874.9,876.3 1 0
/Users/princewang/Documents/UC Berkeley Fall 2020/CS161/proj2/proj2.go:881.52,883.15 2 1
/Users/princewang/Documents/UC Berkeley Fall 2020/CS161/proj2/proj2.go:886.3,886.23 1 1
/Users/princewang/Documents/UC Berkeley Fall 2020/CS161/proj2/proj2.go:883.15,885.4 1 0
/Users/princewang/Documents/UC Berkeley Fall 2020/CS161/proj2/proj2.go:891.9,893.3 1 1
/Users/princewang/Documents/UC Berkeley Fall 2020/CS161/proj2/proj2.go:896.76,897.30 1 1
/Users/princewang/Documents/UC Berkeley Fall 2020/CS161/proj2/proj2.go:897.30,899.9 2 1
/Users/princewang/Documents/UC Berkeley Fall 2020/CS161/proj2/proj2.go:927.16,929.3 1 0
/Users/princewang/Documents/UC Berkeley Fall 2020/CS161/proj2/proj2.go:979.64,983.14 4 1
/Users/princewang/Documents/UC Berkeley Fall 2020/CS161/proj2/proj2.go:986.2,986.27 1 1
/Users/princewang/Documents/UC Berkeley Fall 2020/CS161/proj2/proj2.go:989.2,990.12 2 1
/Users/princewang/Documents/UC Berkeley Fall 2020/CS161/proj2/proj2.go:983.14,985.3 1 0
/Users/princewang/Documents/UC Berkeley Fall 2020/CS161/proj2/proj2.go:986.27,988.3 1 1
/Users/princewang/Documents/UC Berkeley Fall 2020/CS161/proj2/proj2.go:994.70,997.2 2 1
/Users/princewang/Documents/UC Berkeley Fall 2020/CS161/proj2/proj2.go:1000.77,1004.2 3 1
/Users/princewang/Documents/UC Berkeley Fall 2020/CS161/proj2/proj2.go:1007.68,1012.2 4 1
/Users/princewang/Documents/UC Berkeley Fall 2020/CS161/proj2/proj2.go:1014.168,1024.9 7 1
/Users/princewang/Documents/UC Berkeley Fall 2020/CS161/proj2/proj2.go:1027.2,1030.16 4 1
/Users/princewang/Documents/UC Berkeley Fall 2020/CS161/proj2/proj2.go:1034.2,1034.63 1 1
/Users/princewang/Documents/UC Berkeley Fall 2020/CS161/proj2/proj2.go:1037.2,1042.62 5 1
/Users/princewang/Documents/UC Berkeley Fall 2020/CS161/proj2/proj2.go:1046.2,1050.89 5 1
/Users/princewang/Documents/UC Berkeley Fall 2020/CS161/proj2/proj2.go:1054.2,1054.52 1 1
/Users/princewang/Documents/UC Berkeley Fall 2020/CS161/proj2/proj2.go:1024.9,1026.3 1 0
/Users/princewang/Documents/UC Berkeley Fall 2020/CS161/proj2/proj2.go:1030.16,1032.3 1 1
/Users/princewang/Documents/UC Berkeley Fall 2020/CS161/proj2/proj2.go:1034.63,1036.3 1 1
/Users/princewang/Documents/UC Berkeley Fall 2020/CS161/proj2/proj2.go:1042.62,1044.3 1 1
/Users/princewang/Documents/UC Berkeley Fall 2020/CS161/proj2/proj2.go:1050.89,1052.3 1 0
/Users/princewang/Documents/UC Berkeley Fall 2020/CS161/proj2/proj2.go:1059.91,1064.9 4 1
/Users/princewang/Documents/UC Berkeley Fall 2020/CS161/proj2/proj2.go:1069.2,1070.27 2 1
/Users/princewang/Documents/UC Berkeley Fall 2020/CS161/proj2/proj2.go:1073.2,1085.68 9 1
/Users/princewang/Documents/UC Berkeley Fall 2020/CS161/proj2/proj2.go:1091.2,1093.16 3 1
/Users/princewang/Documents/UC Berkeley Fall 2020/CS161/proj2/proj2.go:1098.2,1098.28 1 1
/Users/princewang/Documents/UC Berkeley Fall 2020/CS161/proj2/proj2.go:1064.9,1066.3 1 0
/Users/princewang/Documents/UC Berkeley Fall 2020/CS161/proj2/proj2.go:1070.27,1072.3 1 1
/Users/princewang/Documents/UC Berkeley Fall 2020/CS161/proj2/proj2.go:1085.68,1088.3 2 0
/Users/princewang/Documents/UC Berkeley Fall 2020/CS161/proj2/proj2.go:1093.16,1096.3 2 0
/Users/princewang/Documents/UC Berkeley Fall 2020/CS161/proj2/proj2.go:1103.93,1127.2 15 1
/Users/princewang/Documents/UC Berkeley Fall 2020/CS161/proj2/proj2.go:1130.68,1134.2 3 1
/Users/princewang/Documents/UC Berkeley Fall 2020/CS161/proj2/proj2.go:1136.64,1141.28 4 1
/Users/princewang/Documents/UC Berkeley Fall 2020/CS161/proj2/proj2.go:1144.2,1146.58 3 1
/Users/princewang/Documents/UC Berkeley Fall 2020/CS161/proj2/proj2.go:1141.28,1143.3 1 0
/Users/princewang/Documents/UC Berkeley Fall 2020/CS161/proj2/proj2.go:1151.104,1154.63 1 1
/Users/princewang/Documents/UC Berkeley Fall 2020/CS161/proj2/proj2.go:1157.2,1163.9 7 1
/Users/princewang/Documents/UC Berkeley Fall 2020/CS161/proj2/proj2.go:1167.2,1167.32 1 1
/Users/princewang/Documents/UC Berkeley Fall 2020/CS161/proj2/proj2.go:1174.2,1179.13 5 1
/Users/princewang/Documents/UC Berkeley Fall 2020/CS161/proj2/proj2.go:1154.63,1156.3 1 1
/Users/princewang/Documents/UC Berkeley Fall 2020/CS161/proj2/proj2.go:1163.9,1165.3 1 0
/Users/princewang/Documents/UC Berkeley Fall 2020/CS161/proj2/proj2.go:1167.32,1169.10 2 1
/Users/princewang/Documents/UC Berkeley Fall 2020/CS161/proj2/proj2.go:1169.10,1171.4 1 0
/Users/princewang/Documents/UC Berkeley Fall 2020/CS161/proj2/proj2.go:1182.106,1184.55 1 1
/Users/princewang/Documents/UC Berkeley Fall 2020/CS161/proj2/proj2.go:1184.55,1194.3 9 1
/Users/princewang/Documents/UC Berkeley Fall 2020/CS161/proj2/proj2.go:1198.98,1205.48 6 1
/Users/princewang/Documents/UC Berkeley Fall 2020/CS161/proj2/proj2.go:1238.2,1238.12 1 1
/Users/princewang/Documents/UC Berkeley Fall 2020/CS161/proj2/proj2.go:1205.48,1211.10 5 1
/Users/princewang/Documents/UC Berkeley Fall 2020/CS161/proj2/proj2.go:1216.3,1216.28 1 1
/Users/princewang/Documents/UC Berkeley Fall 2020/CS161/proj2/proj2.go:1219.3,1221.61 3 1
/Users/princewang/Documents/UC Berkeley Fall 2020/CS161/proj2/proj2.go:1225.3,1235.59 7 1
/Users/princewang/Documents/UC Berkeley Fall 2020/CS161/proj2/proj2.go:1211.10,1214.4 2 0
/Users/princewang/Documents/UC Berkeley Fall 2020/CS161/proj2/proj2.go:1216.28,1218.4 1 0
/Users/princewang/Documents/UC Berkeley Fall 2020/CS161/proj2/proj2.go:1221.61,1224.4 2 0
